2022-01-14 17:47:56,956 [8] (null) DEBUG eShopLegacyMVC.MvcApplication - /, Mozilla/5.0 (Windows NT 10.0; Win64; x64) AppleWebKit/537.36 (KHTML, like Gecko) Chrome/97.0.4692.71 Safari/537.36 Edg/97.0.1072.55
WebApplication_BeginRequest

2022-01-14 17:47:57,422 [8] (null) INFO eShopLegacyMVC.Controllers.CatalogController - /, Mozilla/5.0 (Windows NT 10.0; Win64; x64) AppleWebKit/537.36 (KHTML, like Gecko) Chrome/97.0.4692.71 Safari/537.36 Edg/97.0.1072.55
Now loading... /Catalog/Index?pageSize=10&pageIndex=0

2022-01-14 17:48:17,685 [8] (null) DEBUG eShopLegacyMVC.Controllers.CatalogController - /, Mozilla/5.0 (Windows NT 10.0; Win64; x64) AppleWebKit/537.36 (KHTML, like Gecko) Chrome/97.0.4692.71 Safari/537.36 Edg/97.0.1072.55
Now disposing

2022-01-14 17:48:17,737 [8] (null) DEBUG eShopLegacyMVC.Controllers.CatalogController - /, Mozilla/5.0 (Windows NT 10.0; Win64; x64) AppleWebKit/537.36 (KHTML, like Gecko) Chrome/97.0.4692.71 Safari/537.36 Edg/97.0.1072.55
Now disposing

2022-01-14 17:48:18,773 [5] (null) DEBUG eShopLegacyMVC.MvcApplication - /items/1/pic, Mozilla/5.0 (Windows NT 10.0; Win64; x64) AppleWebKit/537.36 (KHTML, like Gecko) Chrome/97.0.4692.71 Safari/537.36 Edg/97.0.1072.55
WebApplication_BeginRequest

2022-01-14 17:48:18,831 [22] (null) DEBUG eShopLegacyMVC.MvcApplication - /items/2/pic, Mozilla/5.0 (Windows NT 10.0; Win64; x64) AppleWebKit/537.36 (KHTML, like Gecko) Chrome/97.0.4692.71 Safari/537.36 Edg/97.0.1072.55
WebApplication_BeginRequest

2022-01-14 17:48:18,857 [6] (null) DEBUG eShopLegacyMVC.MvcApplication - /items/3/pic, Mozilla/5.0 (Windows NT 10.0; Win64; x64) AppleWebKit/537.36 (KHTML, like Gecko) Chrome/97.0.4692.71 Safari/537.36 Edg/97.0.1072.55
WebApplication_BeginRequest

2022-01-14 17:48:18,917 [5] (null) INFO eShopLegacyMVC.Controllers.PicController - /items/1/pic, Mozilla/5.0 (Windows NT 10.0; Win64; x64) AppleWebKit/537.36 (KHTML, like Gecko) Chrome/97.0.4692.71 Safari/537.36 Edg/97.0.1072.55
Now loading... /items/Index?1/pic

2022-01-14 17:48:19,148 [5] (null) DEBUG eShopLegacyMVC.MvcApplication - /items/4/pic, Mozilla/5.0 (Windows NT 10.0; Win64; x64) AppleWebKit/537.36 (KHTML, like Gecko) Chrome/97.0.4692.71 Safari/537.36 Edg/97.0.1072.55
WebApplication_BeginRequest

2022-01-14 17:48:19,152 [5] (null) INFO eShopLegacyMVC.Controllers.PicController - /items/4/pic, Mozilla/5.0 (Windows NT 10.0; Win64; x64) AppleWebKit/537.36 (KHTML, like Gecko) Chrome/97.0.4692.71 Safari/537.36 Edg/97.0.1072.55
Now loading... /items/Index?4/pic

2022-01-14 17:48:19,339 [7] (null) DEBUG eShopLegacyMVC.MvcApplication - /items/5/pic, Mozilla/5.0 (Windows NT 10.0; Win64; x64) AppleWebKit/537.36 (KHTML, like Gecko) Chrome/97.0.4692.71 Safari/537.36 Edg/97.0.1072.55
WebApplication_BeginRequest

2022-01-14 17:48:19,344 [7] (null) INFO eShopLegacyMVC.Controllers.PicController - /items/5/pic, Mozilla/5.0 (Windows NT 10.0; Win64; x64) AppleWebKit/537.36 (KHTML, like Gecko) Chrome/97.0.4692.71 Safari/537.36 Edg/97.0.1072.55
Now loading... /items/Index?5/pic

2022-01-14 17:48:19,513 [5] (null) DEBUG eShopLegacyMVC.MvcApplication - /items/7/pic, Mozilla/5.0 (Windows NT 10.0; Win64; x64) AppleWebKit/537.36 (KHTML, like Gecko) Chrome/97.0.4692.71 Safari/537.36 Edg/97.0.1072.55
WebApplication_BeginRequest

2022-01-14 17:48:19,517 [5] (null) INFO eShopLegacyMVC.Controllers.PicController - /items/7/pic, Mozilla/5.0 (Windows NT 10.0; Win64; x64) AppleWebKit/537.36 (KHTML, like Gecko) Chrome/97.0.4692.71 Safari/537.36 Edg/97.0.1072.55
Now loading... /items/Index?7/pic

2022-01-14 17:48:19,674 [7] (null) DEBUG eShopLegacyMVC.MvcApplication - /items/8/pic, Mozilla/5.0 (Windows NT 10.0; Win64; x64) AppleWebKit/537.36 (KHTML, like Gecko) Chrome/97.0.4692.71 Safari/537.36 Edg/97.0.1072.55
WebApplication_BeginRequest

2022-01-14 17:48:19,676 [7] (null) INFO eShopLegacyMVC.Controllers.PicController - /items/8/pic, Mozilla/5.0 (Windows NT 10.0; Win64; x64) AppleWebKit/537.36 (KHTML, like Gecko) Chrome/97.0.4692.71 Safari/537.36 Edg/97.0.1072.55
Now loading... /items/Index?8/pic

2022-01-14 17:48:19,811 [5] (null) DEBUG eShopLegacyMVC.MvcApplication - /items/9/pic, Mozilla/5.0 (Windows NT 10.0; Win64; x64) AppleWebKit/537.36 (KHTML, like Gecko) Chrome/97.0.4692.71 Safari/537.36 Edg/97.0.1072.55
WebApplication_BeginRequest

2022-01-14 17:48:19,814 [5] (null) INFO eShopLegacyMVC.Controllers.PicController - /items/9/pic, Mozilla/5.0 (Windows NT 10.0; Win64; x64) AppleWebKit/537.36 (KHTML, like Gecko) Chrome/97.0.4692.71 Safari/537.36 Edg/97.0.1072.55
Now loading... /items/Index?9/pic

2022-01-14 17:48:19,921 [7] (null) DEBUG eShopLegacyMVC.MvcApplication - /items/10/pic, Mozilla/5.0 (Windows NT 10.0; Win64; x64) AppleWebKit/537.36 (KHTML, like Gecko) Chrome/97.0.4692.71 Safari/537.36 Edg/97.0.1072.55
WebApplication_BeginRequest

2022-01-14 17:48:19,924 [7] (null) INFO eShopLegacyMVC.Controllers.PicController - /items/10/pic, Mozilla/5.0 (Windows NT 10.0; Win64; x64) AppleWebKit/537.36 (KHTML, like Gecko) Chrome/97.0.4692.71 Safari/537.36 Edg/97.0.1072.55
Now loading... /items/Index?10/pic

2022-01-14 17:48:20,068 [6] (null) DEBUG eShopLegacyMVC.MvcApplication - /items/11/pic, Mozilla/5.0 (Windows NT 10.0; Win64; x64) AppleWebKit/537.36 (KHTML, like Gecko) Chrome/97.0.4692.71 Safari/537.36 Edg/97.0.1072.55
WebApplication_BeginRequest

2022-01-14 17:48:20,071 [6] (null) INFO eShopLegacyMVC.Controllers.PicController - /items/11/pic, Mozilla/5.0 (Windows NT 10.0; Win64; x64) AppleWebKit/537.36 (KHTML, like Gecko) Chrome/97.0.4692.71 Safari/537.36 Edg/97.0.1072.55
Now loading... /items/Index?11/pic

2022-01-14 17:48:20,537 [22] (null) INFO eShopLegacyMVC.Controllers.PicController - (null)
Now loading... /items/Index?3/pic

2022-01-14 17:48:21,039 [8] (null) INFO eShopLegacyMVC.Controllers.PicController - (null)
Now loading... /items/Index?2/pic

2022-01-14 17:48:39,688 [7] (null) DEBUG eShopLegacyMVC.MvcApplication - /Catalog/Details/1, Mozilla/5.0 (Windows NT 10.0; Win64; x64) AppleWebKit/537.36 (KHTML, like Gecko) Chrome/97.0.4692.71 Safari/537.36 Edg/97.0.1072.55
WebApplication_BeginRequest

2022-01-14 17:48:39,691 [7] (null) INFO eShopLegacyMVC.Controllers.CatalogController - /Catalog/Details/1, Mozilla/5.0 (Windows NT 10.0; Win64; x64) AppleWebKit/537.36 (KHTML, like Gecko) Chrome/97.0.4692.71 Safari/537.36 Edg/97.0.1072.55
Now loading... /Catalog/Details?id=1

2022-01-14 17:48:39,770 [7] (null) DEBUG eShopLegacyMVC.Controllers.CatalogController - /Catalog/Details/1, Mozilla/5.0 (Windows NT 10.0; Win64; x64) AppleWebKit/537.36 (KHTML, like Gecko) Chrome/97.0.4692.71 Safari/537.36 Edg/97.0.1072.55
Now disposing

2022-01-14 17:48:39,773 [7] (null) DEBUG eShopLegacyMVC.Controllers.CatalogController - /Catalog/Details/1, Mozilla/5.0 (Windows NT 10.0; Win64; x64) AppleWebKit/537.36 (KHTML, like Gecko) Chrome/97.0.4692.71 Safari/537.36 Edg/97.0.1072.55
Now disposing

2022-01-14 17:48:39,939 [5] (null) DEBUG eShopLegacyMVC.MvcApplication - /items/1/pic, Mozilla/5.0 (Windows NT 10.0; Win64; x64) AppleWebKit/537.36 (KHTML, like Gecko) Chrome/97.0.4692.71 Safari/537.36 Edg/97.0.1072.55
WebApplication_BeginRequest

2022-01-14 17:48:39,941 [5] (null) INFO eShopLegacyMVC.Controllers.PicController - /items/1/pic, Mozilla/5.0 (Windows NT 10.0; Win64; x64) AppleWebKit/537.36 (KHTML, like Gecko) Chrome/97.0.4692.71 Safari/537.36 Edg/97.0.1072.55
Now loading... /items/Index?1/pic

2022-01-14 17:48:42,372 [6] (null) DEBUG eShopLegacyMVC.MvcApplication - /items/1/pic, Mozilla/5.0 (Windows NT 10.0; Win64; x64) AppleWebKit/537.36 (KHTML, like Gecko) Chrome/97.0.4692.71 Safari/537.36 Edg/97.0.1072.55
WebApplication_BeginRequest

2022-01-14 17:48:42,375 [6] (null) INFO eShopLegacyMVC.Controllers.PicController - /items/1/pic, Mozilla/5.0 (Windows NT 10.0; Win64; x64) AppleWebKit/537.36 (KHTML, like Gecko) Chrome/97.0.4692.71 Safari/537.36 Edg/97.0.1072.55
Now loading... /items/Index?1/pic

2022-01-14 17:48:42,957 [22] (null) DEBUG eShopLegacyMVC.MvcApplication - /, Mozilla/5.0 (Windows NT 10.0; Win64; x64) AppleWebKit/537.36 (KHTML, like Gecko) Chrome/97.0.4692.71 Safari/537.36 Edg/97.0.1072.55
WebApplication_BeginRequest

2022-01-14 17:48:42,959 [22] (null) INFO eShopLegacyMVC.Controllers.CatalogController - /, Mozilla/5.0 (Windows NT 10.0; Win64; x64) AppleWebKit/537.36 (KHTML, like Gecko) Chrome/97.0.4692.71 Safari/537.36 Edg/97.0.1072.55
Now loading... /Catalog/Index?pageSize=10&pageIndex=0

2022-01-14 17:48:43,274 [22] (null) DEBUG eShopLegacyMVC.Controllers.CatalogController - /, Mozilla/5.0 (Windows NT 10.0; Win64; x64) AppleWebKit/537.36 (KHTML, like Gecko) Chrome/97.0.4692.71 Safari/537.36 Edg/97.0.1072.55
Now disposing

2022-01-14 17:48:43,283 [22] (null) DEBUG eShopLegacyMVC.Controllers.CatalogController - /, Mozilla/5.0 (Windows NT 10.0; Win64; x64) AppleWebKit/537.36 (KHTML, like Gecko) Chrome/97.0.4692.71 Safari/537.36 Edg/97.0.1072.55
Now disposing

2022-01-14 17:48:43,412 [5] (null) DEBUG eShopLegacyMVC.MvcApplication - /items/1/pic, Mozilla/5.0 (Windows NT 10.0; Win64; x64) AppleWebKit/537.36 (KHTML, like Gecko) Chrome/97.0.4692.71 Safari/537.36 Edg/97.0.1072.55
WebApplication_BeginRequest

2022-01-14 17:48:43,412 [6] (null) DEBUG eShopLegacyMVC.MvcApplication - /items/2/pic, Mozilla/5.0 (Windows NT 10.0; Win64; x64) AppleWebKit/537.36 (KHTML, like Gecko) Chrome/97.0.4692.71 Safari/537.36 Edg/97.0.1072.55
WebApplication_BeginRequest

2022-01-14 17:48:43,415 [5] (null) INFO eShopLegacyMVC.Controllers.PicController - /items/1/pic, Mozilla/5.0 (Windows NT 10.0; Win64; x64) AppleWebKit/537.36 (KHTML, like Gecko) Chrome/97.0.4692.71 Safari/537.36 Edg/97.0.1072.55
Now loading... /items/Index?1/pic

2022-01-14 17:48:43,600 [6] (null) DEBUG eShopLegacyMVC.MvcApplication - /items/5/pic, Mozilla/5.0 (Windows NT 10.0; Win64; x64) AppleWebKit/537.36 (KHTML, like Gecko) Chrome/97.0.4692.71 Safari/537.36 Edg/97.0.1072.55
WebApplication_BeginRequest

2022-01-14 17:48:43,642 [8] (null) DEBUG eShopLegacyMVC.MvcApplication - /items/4/pic, Mozilla/5.0 (Windows NT 10.0; Win64; x64) AppleWebKit/537.36 (KHTML, like Gecko) Chrome/97.0.4692.71 Safari/537.36 Edg/97.0.1072.55
WebApplication_BeginRequest

2022-01-14 17:48:43,677 [22] (null) DEBUG eShopLegacyMVC.MvcApplication - /items/7/pic, Mozilla/5.0 (Windows NT 10.0; Win64; x64) AppleWebKit/537.36 (KHTML, like Gecko) Chrome/97.0.4692.71 Safari/537.36 Edg/97.0.1072.55
WebApplication_BeginRequest

2022-01-14 17:48:43,761 [9] (null) DEBUG eShopLegacyMVC.MvcApplication - /items/3/pic, Mozilla/5.0 (Windows NT 10.0; Win64; x64) AppleWebKit/537.36 (KHTML, like Gecko) Chrome/97.0.4692.71 Safari/537.36 Edg/97.0.1072.55
WebApplication_BeginRequest

2022-01-14 17:48:43,765 [9] (null) INFO eShopLegacyMVC.Controllers.PicController - /items/3/pic, Mozilla/5.0 (Windows NT 10.0; Win64; x64) AppleWebKit/537.36 (KHTML, like Gecko) Chrome/97.0.4692.71 Safari/537.36 Edg/97.0.1072.55
Now loading... /items/Index?3/pic

2022-01-14 17:48:44,060 [9] (null) DEBUG eShopLegacyMVC.MvcApplication - /items/10/pic, Mozilla/5.0 (Windows NT 10.0; Win64; x64) AppleWebKit/537.36 (KHTML, like Gecko) Chrome/97.0.4692.71 Safari/537.36 Edg/97.0.1072.55
WebApplication_BeginRequest

2022-01-14 17:48:44,060 [6] (null) DEBUG eShopLegacyMVC.MvcApplication - /items/11/pic, Mozilla/5.0 (Windows NT 10.0; Win64; x64) AppleWebKit/537.36 (KHTML, like Gecko) Chrome/97.0.4692.71 Safari/537.36 Edg/97.0.1072.55
WebApplication_BeginRequest

2022-01-14 17:48:44,064 [9] (null) INFO eShopLegacyMVC.Controllers.PicController - /items/10/pic, Mozilla/5.0 (Windows NT 10.0; Win64; x64) AppleWebKit/537.36 (KHTML, like Gecko) Chrome/97.0.4692.71 Safari/537.36 Edg/97.0.1072.55
Now loading... /items/Index?10/pic

2022-01-14 17:48:44,262 [5] (null) DEBUG eShopLegacyMVC.MvcApplication - /items/9/pic, Mozilla/5.0 (Windows NT 10.0; Win64; x64) AppleWebKit/537.36 (KHTML, like Gecko) Chrome/97.0.4692.71 Safari/537.36 Edg/97.0.1072.55
WebApplication_BeginRequest

2022-01-14 17:48:44,266 [5] (null) INFO eShopLegacyMVC.Controllers.PicController - /items/9/pic, Mozilla/5.0 (Windows NT 10.0; Win64; x64) AppleWebKit/537.36 (KHTML, like Gecko) Chrome/97.0.4692.71 Safari/537.36 Edg/97.0.1072.55
Now loading... /items/Index?9/pic

2022-01-14 17:48:44,450 [8] (null) DEBUG eShopLegacyMVC.MvcApplication - /items/8/pic, Mozilla/5.0 (Windows NT 10.0; Win64; x64) AppleWebKit/537.36 (KHTML, like Gecko) Chrome/97.0.4692.71 Safari/537.36 Edg/97.0.1072.55
WebApplication_BeginRequest

2022-01-14 17:48:44,453 [8] (null) INFO eShopLegacyMVC.Controllers.PicController - /items/8/pic, Mozilla/5.0 (Windows NT 10.0; Win64; x64) AppleWebKit/537.36 (KHTML, like Gecko) Chrome/97.0.4692.71 Safari/537.36 Edg/97.0.1072.55
Now loading... /items/Index?8/pic

2022-01-14 17:48:44,723 [5] (null) INFO eShopLegacyMVC.Controllers.PicController - (null)
Now loading... /items/Index?4/pic

2022-01-14 17:48:45,099 [22] (null) INFO eShopLegacyMVC.Controllers.PicController - (null)
Now loading... /items/Index?2/pic

2022-01-14 17:48:45,236 [23] (null) INFO eShopLegacyMVC.Controllers.PicController - (null)
Now loading... /items/Index?5/pic

2022-01-14 17:48:45,622 [22] (null) INFO eShopLegacyMVC.Controllers.PicController - (null)
Now loading... /items/Index?11/pic

2022-01-14 17:48:46,294 [9] (null) INFO eShopLegacyMVC.Controllers.PicController - (null)
Now loading... /items/Index?7/pic

2022-01-14 17:48:46,679 [6] (null) DEBUG eShopLegacyMVC.MvcApplication - /Catalog/Create, Mozilla/5.0 (Windows NT 10.0; Win64; x64) AppleWebKit/537.36 (KHTML, like Gecko) Chrome/97.0.4692.71 Safari/537.36 Edg/97.0.1072.55
WebApplication_BeginRequest

2022-01-14 17:48:46,688 [6] (null) INFO eShopLegacyMVC.Controllers.CatalogController - /Catalog/Create, Mozilla/5.0 (Windows NT 10.0; Win64; x64) AppleWebKit/537.36 (KHTML, like Gecko) Chrome/97.0.4692.71 Safari/537.36 Edg/97.0.1072.55
Now loading... /Catalog/Create

2022-01-14 17:48:47,410 [6] (null) DEBUG eShopLegacyMVC.Controllers.CatalogController - /Catalog/Create, Mozilla/5.0 (Windows NT 10.0; Win64; x64) AppleWebKit/537.36 (KHTML, like Gecko) Chrome/97.0.4692.71 Safari/537.36 Edg/97.0.1072.55
Now disposing

2022-01-14 17:48:47,420 [6] (null) DEBUG eShopLegacyMVC.Controllers.CatalogController - /Catalog/Create, Mozilla/5.0 (Windows NT 10.0; Win64; x64) AppleWebKit/537.36 (KHTML, like Gecko) Chrome/97.0.4692.71 Safari/537.36 Edg/97.0.1072.55
Now disposing

2022-01-14 17:49:12,219 [5] (null) DEBUG eShopLegacyMVC.MvcApplication - /Catalog/Create, Mozilla/5.0 (Windows NT 10.0; Win64; x64) AppleWebKit/537.36 (KHTML, like Gecko) Chrome/97.0.4692.71 Safari/537.36 Edg/97.0.1072.55
WebApplication_BeginRequest

2022-01-14 17:49:12,310 [5] (null) INFO eShopLegacyMVC.Controllers.CatalogController - /Catalog/Create, Mozilla/5.0 (Windows NT 10.0; Win64; x64) AppleWebKit/537.36 (KHTML, like Gecko) Chrome/97.0.4692.71 Safari/537.36 Edg/97.0.1072.55
Now processing... /Catalog/Create?catalogItemName=Test item

2022-01-14 17:49:12,853 [5] (null) DEBUG eShopLegacyMVC.Controllers.CatalogController - /Catalog/Create, Mozilla/5.0 (Windows NT 10.0; Win64; x64) AppleWebKit/537.36 (KHTML, like Gecko) Chrome/97.0.4692.71 Safari/537.36 Edg/97.0.1072.55
Now disposing

2022-01-14 17:49:12,861 [5] (null) DEBUG eShopLegacyMVC.Controllers.CatalogController - /Catalog/Create, Mozilla/5.0 (Windows NT 10.0; Win64; x64) AppleWebKit/537.36 (KHTML, like Gecko) Chrome/97.0.4692.71 Safari/537.36 Edg/97.0.1072.55
Now disposing

2022-01-14 17:49:12,896 [7] (null) DEBUG eShopLegacyMVC.MvcApplication - /, Mozilla/5.0 (Windows NT 10.0; Win64; x64) AppleWebKit/537.36 (KHTML, like Gecko) Chrome/97.0.4692.71 Safari/537.36 Edg/97.0.1072.55
WebApplication_BeginRequest

2022-01-14 17:49:12,899 [7] (null) INFO eShopLegacyMVC.Controllers.CatalogController - /, Mozilla/5.0 (Windows NT 10.0; Win64; x64) AppleWebKit/537.36 (KHTML, like Gecko) Chrome/97.0.4692.71 Safari/537.36 Edg/97.0.1072.55
Now loading... /Catalog/Index?pageSize=10&pageIndex=0

2022-01-14 17:49:13,189 [7] (null) DEBUG eShopLegacyMVC.Controllers.CatalogController - /, Mozilla/5.0 (Windows NT 10.0; Win64; x64) AppleWebKit/537.36 (KHTML, like Gecko) Chrome/97.0.4692.71 Safari/537.36 Edg/97.0.1072.55
Now disposing

2022-01-14 17:49:13,195 [7] (null) DEBUG eShopLegacyMVC.Controllers.CatalogController - /, Mozilla/5.0 (Windows NT 10.0; Win64; x64) AppleWebKit/537.36 (KHTML, like Gecko) Chrome/97.0.4692.71 Safari/537.36 Edg/97.0.1072.55
Now disposing

2022-01-14 17:49:13,325 [5] (null) DEBUG eShopLegacyMVC.MvcApplication - /items/1/pic, Mozilla/5.0 (Windows NT 10.0; Win64; x64) AppleWebKit/537.36 (KHTML, like Gecko) Chrome/97.0.4692.71 Safari/537.36 Edg/97.0.1072.55
WebApplication_BeginRequest

2022-01-14 17:49:13,347 [6] (null) DEBUG eShopLegacyMVC.MvcApplication - /items/2/pic, Mozilla/5.0 (Windows NT 10.0; Win64; x64) AppleWebKit/537.36 (KHTML, like Gecko) Chrome/97.0.4692.71 Safari/537.36 Edg/97.0.1072.55
WebApplication_BeginRequest

2022-01-14 17:49:13,350 [5] (null) INFO eShopLegacyMVC.Controllers.PicController - /items/1/pic, Mozilla/5.0 (Windows NT 10.0; Win64; x64) AppleWebKit/537.36 (KHTML, like Gecko) Chrome/97.0.4692.71 Safari/537.36 Edg/97.0.1072.55
Now loading... /items/Index?1/pic

2022-01-14 17:49:13,765 [8] (null) DEBUG eShopLegacyMVC.MvcApplication - /items/7/pic, Mozilla/5.0 (Windows NT 10.0; Win64; x64) AppleWebKit/537.36 (KHTML, like Gecko) Chrome/97.0.4692.71 Safari/537.36 Edg/97.0.1072.55
WebApplication_BeginRequest

2022-01-14 17:49:13,768 [8] (null) INFO eShopLegacyMVC.Controllers.PicController - /items/7/pic, Mozilla/5.0 (Windows NT 10.0; Win64; x64) AppleWebKit/537.36 (KHTML, like Gecko) Chrome/97.0.4692.71 Safari/537.36 Edg/97.0.1072.55
Now loading... /items/Index?7/pic

2022-01-14 17:49:14,014 [6] (null) DEBUG eShopLegacyMVC.MvcApplication - /items/4/pic, Mozilla/5.0 (Windows NT 10.0; Win64; x64) AppleWebKit/537.36 (KHTML, like Gecko) Chrome/97.0.4692.71 Safari/537.36 Edg/97.0.1072.55
WebApplication_BeginRequest

2022-01-14 17:49:14,129 [22] (null) DEBUG eShopLegacyMVC.MvcApplication - /items/3/pic, Mozilla/5.0 (Windows NT 10.0; Win64; x64) AppleWebKit/537.36 (KHTML, like Gecko) Chrome/97.0.4692.71 Safari/537.36 Edg/97.0.1072.55
WebApplication_BeginRequest

2022-01-14 17:49:14,118 [7] (null) DEBUG eShopLegacyMVC.MvcApplication - /items/5/pic, Mozilla/5.0 (Windows NT 10.0; Win64; x64) AppleWebKit/537.36 (KHTML, like Gecko) Chrome/97.0.4692.71 Safari/537.36 Edg/97.0.1072.55
WebApplication_BeginRequest

2022-01-14 17:49:14,153 [6] (null) INFO eShopLegacyMVC.Controllers.PicController - /items/4/pic, Mozilla/5.0 (Windows NT 10.0; Win64; x64) AppleWebKit/537.36 (KHTML, like Gecko) Chrome/97.0.4692.71 Safari/537.36 Edg/97.0.1072.55
Now loading... /items/Index?4/pic

2022-01-14 17:49:14,294 [23] (null) DEBUG eShopLegacyMVC.MvcApplication - /items/8/pic, Mozilla/5.0 (Windows NT 10.0; Win64; x64) AppleWebKit/537.36 (KHTML, like Gecko) Chrome/97.0.4692.71 Safari/537.36 Edg/97.0.1072.55
WebApplication_BeginRequest

2022-01-14 17:49:14,729 [5] (null) DEBUG eShopLegacyMVC.MvcApplication - /items/11/pic, Mozilla/5.0 (Windows NT 10.0; Win64; x64) AppleWebKit/537.36 (KHTML, like Gecko) Chrome/97.0.4692.71 Safari/537.36 Edg/97.0.1072.55
WebApplication_BeginRequest

2022-01-14 17:49:14,753 [5] (null) INFO eShopLegacyMVC.Controllers.PicController - /items/11/pic, Mozilla/5.0 (Windows NT 10.0; Win64; x64) AppleWebKit/537.36 (KHTML, like Gecko) Chrome/97.0.4692.71 Safari/537.36 Edg/97.0.1072.55
Now loading... /items/Index?11/pic

2022-01-14 17:49:15,017 [6] (null) DEBUG eShopLegacyMVC.MvcApplication - /items/10/pic, Mozilla/5.0 (Windows NT 10.0; Win64; x64) AppleWebKit/537.36 (KHTML, like Gecko) Chrome/97.0.4692.71 Safari/537.36 Edg/97.0.1072.55
WebApplication_BeginRequest

2022-01-14 17:49:15,036 [6] (null) INFO eShopLegacyMVC.Controllers.PicController - /items/10/pic, Mozilla/5.0 (Windows NT 10.0; Win64; x64) AppleWebKit/537.36 (KHTML, like Gecko) Chrome/97.0.4692.71 Safari/537.36 Edg/97.0.1072.55
Now loading... /items/Index?10/pic

2022-01-14 17:49:15,207 [7] (null) DEBUG eShopLegacyMVC.MvcApplication - /items/9/pic, Mozilla/5.0 (Windows NT 10.0; Win64; x64) AppleWebKit/537.36 (KHTML, like Gecko) Chrome/97.0.4692.71 Safari/537.36 Edg/97.0.1072.55
WebApplication_BeginRequest

2022-01-14 17:49:15,432 [9] (null) INFO eShopLegacyMVC.Controllers.PicController - (null)
Now loading... /items/Index?5/pic

2022-01-14 17:49:15,663 [7] (null) INFO eShopLegacyMVC.Controllers.PicController - (null)
Now loading... /items/Index?8/pic

2022-01-14 17:49:16,175 [8] (null) INFO eShopLegacyMVC.Controllers.PicController - (null)
Now loading... /items/Index?2/pic

2022-01-14 17:49:16,346 [7] (null) INFO eShopLegacyMVC.Controllers.PicController - (null)
Now loading... /items/Index?3/pic

2022-01-14 17:49:16,856 [22] (null) INFO eShopLegacyMVC.Controllers.PicController - (null)
Now loading... /items/Index?9/pic

2022-01-14 17:49:19,215 [6] (null) DEBUG eShopLegacyMVC.MvcApplication - /?pageSize=10&pageIndex=1, Mozilla/5.0 (Windows NT 10.0; Win64; x64) AppleWebKit/537.36 (KHTML, like Gecko) Chrome/97.0.4692.71 Safari/537.36 Edg/97.0.1072.55
WebApplication_BeginRequest

2022-01-14 17:49:19,216 [6] (null) INFO eShopLegacyMVC.Controllers.CatalogController - /?pageSize=10&pageIndex=1, Mozilla/5.0 (Windows NT 10.0; Win64; x64) AppleWebKit/537.36 (KHTML, like Gecko) Chrome/97.0.4692.71 Safari/537.36 Edg/97.0.1072.55
Now loading... /Catalog/Index?pageSize=10&pageIndex=1

2022-01-14 17:49:19,433 [6] (null) DEBUG eShopLegacyMVC.Controllers.CatalogController - /?pageSize=10&pageIndex=1, Mozilla/5.0 (Windows NT 10.0; Win64; x64) AppleWebKit/537.36 (KHTML, like Gecko) Chrome/97.0.4692.71 Safari/537.36 Edg/97.0.1072.55
Now disposing

2022-01-14 17:49:19,446 [6] (null) DEBUG eShopLegacyMVC.Controllers.CatalogController - /?pageSize=10&pageIndex=1, Mozilla/5.0 (Windows NT 10.0; Win64; x64) AppleWebKit/537.36 (KHTML, like Gecko) Chrome/97.0.4692.71 Safari/537.36 Edg/97.0.1072.55
Now disposing

2022-01-14 17:49:19,583 [5] (null) DEBUG eShopLegacyMVC.MvcApplication - /items/21/pic, Mozilla/5.0 (Windows NT 10.0; Win64; x64) AppleWebKit/537.36 (KHTML, like Gecko) Chrome/97.0.4692.71 Safari/537.36 Edg/97.0.1072.55
WebApplication_BeginRequest

2022-01-14 17:49:19,584 [6] (null) DEBUG eShopLegacyMVC.MvcApplication - /items/31/pic, Mozilla/5.0 (Windows NT 10.0; Win64; x64) AppleWebKit/537.36 (KHTML, like Gecko) Chrome/97.0.4692.71 Safari/537.36 Edg/97.0.1072.55
WebApplication_BeginRequest

2022-01-14 17:49:19,587 [5] (null) INFO eShopLegacyMVC.Controllers.PicController - /items/21/pic, Mozilla/5.0 (Windows NT 10.0; Win64; x64) AppleWebKit/537.36 (KHTML, like Gecko) Chrome/97.0.4692.71 Safari/537.36 Edg/97.0.1072.55
Now loading... /items/Index?21/pic

2022-01-14 17:49:19,739 [8] (null) DEBUG eShopLegacyMVC.MvcApplication - /items/41/pic, Mozilla/5.0 (Windows NT 10.0; Win64; x64) AppleWebKit/537.36 (KHTML, like Gecko) Chrome/97.0.4692.71 Safari/537.36 Edg/97.0.1072.55
WebApplication_BeginRequest

2022-01-14 17:49:20,096 [23] (null) INFO eShopLegacyMVC.Controllers.PicController - (null)
Now loading... /items/Index?31/pic

2022-01-14 17:49:20,266 [8] (null) INFO eShopLegacyMVC.Controllers.PicController - (null)
Now loading... /items/Index?41/pic

2022-01-14 17:49:23,275 [7] (null) DEBUG eShopLegacyMVC.MvcApplication - /Catalog/Delete/21, Mozilla/5.0 (Windows NT 10.0; Win64; x64) AppleWebKit/537.36 (KHTML, like Gecko) Chrome/97.0.4692.71 Safari/537.36 Edg/97.0.1072.55
WebApplication_BeginRequest

2022-01-14 17:49:23,279 [7] (null) INFO eShopLegacyMVC.Controllers.CatalogController - /Catalog/Delete/21, Mozilla/5.0 (Windows NT 10.0; Win64; x64) AppleWebKit/537.36 (KHTML, like Gecko) Chrome/97.0.4692.71 Safari/537.36 Edg/97.0.1072.55
Now loading... /Catalog/Delete?id=21

2022-01-14 17:49:23,375 [7] (null) DEBUG eShopLegacyMVC.Controllers.CatalogController - /Catalog/Delete/21, Mozilla/5.0 (Windows NT 10.0; Win64; x64) AppleWebKit/537.36 (KHTML, like Gecko) Chrome/97.0.4692.71 Safari/537.36 Edg/97.0.1072.55
Now disposing

2022-01-14 17:49:23,378 [7] (null) DEBUG eShopLegacyMVC.Controllers.CatalogController - /Catalog/Delete/21, Mozilla/5.0 (Windows NT 10.0; Win64; x64) AppleWebKit/537.36 (KHTML, like Gecko) Chrome/97.0.4692.71 Safari/537.36 Edg/97.0.1072.55
Now disposing

2022-01-14 17:49:23,475 [8] (null) DEBUG eShopLegacyMVC.MvcApplication - /items/21/pic, Mozilla/5.0 (Windows NT 10.0; Win64; x64) AppleWebKit/537.36 (KHTML, like Gecko) Chrome/97.0.4692.71 Safari/537.36 Edg/97.0.1072.55
WebApplication_BeginRequest

2022-01-14 17:49:23,478 [8] (null) INFO eShopLegacyMVC.Controllers.PicController - /items/21/pic, Mozilla/5.0 (Windows NT 10.0; Win64; x64) AppleWebKit/537.36 (KHTML, like Gecko) Chrome/97.0.4692.71 Safari/537.36 Edg/97.0.1072.55
Now loading... /items/Index?21/pic

2022-01-14 17:49:25,872 [8] (null) DEBUG eShopLegacyMVC.MvcApplication - /Catalog/Delete/21, Mozilla/5.0 (Windows NT 10.0; Win64; x64) AppleWebKit/537.36 (KHTML, like Gecko) Chrome/97.0.4692.71 Safari/537.36 Edg/97.0.1072.55
WebApplication_BeginRequest

2022-01-14 17:49:25,878 [8] (null) INFO eShopLegacyMVC.Controllers.CatalogController - /Catalog/Delete/21, Mozilla/5.0 (Windows NT 10.0; Win64; x64) AppleWebKit/537.36 (KHTML, like Gecko) Chrome/97.0.4692.71 Safari/537.36 Edg/97.0.1072.55
Now processing... /Catalog/DeleteConfirmed?id=21

2022-01-14 17:49:26,156 [6] (null) DEBUG eShopLegacyMVC.MvcApplication - /items/21/pic, Mozilla/5.0 (Windows NT 10.0; Win64; x64) AppleWebKit/537.36 (KHTML, like Gecko) Chrome/97.0.4692.71 Safari/537.36 Edg/97.0.1072.55
WebApplication_BeginRequest

2022-01-14 17:49:26,160 [6] (null) INFO eShopLegacyMVC.Controllers.PicController - /items/21/pic, Mozilla/5.0 (Windows NT 10.0; Win64; x64) AppleWebKit/537.36 (KHTML, like Gecko) Chrome/97.0.4692.71 Safari/537.36 Edg/97.0.1072.55
Now loading... /items/Index?21/pic

2022-01-14 17:49:26,908 [8] (null) DEBUG eShopLegacyMVC.Controllers.CatalogController - /Catalog/Delete/21, Mozilla/5.0 (Windows NT 10.0; Win64; x64) AppleWebKit/537.36 (KHTML, like Gecko) Chrome/97.0.4692.71 Safari/537.36 Edg/97.0.1072.55
Now disposing

2022-01-14 17:49:26,945 [8] (null) DEBUG eShopLegacyMVC.Controllers.CatalogController - /Catalog/Delete/21, Mozilla/5.0 (Windows NT 10.0; Win64; x64) AppleWebKit/537.36 (KHTML, like Gecko) Chrome/97.0.4692.71 Safari/537.36 Edg/97.0.1072.55
Now disposing

2022-01-14 17:49:27,074 [7] (null) DEBUG eShopLegacyMVC.MvcApplication - /, Mozilla/5.0 (Windows NT 10.0; Win64; x64) AppleWebKit/537.36 (KHTML, like Gecko) Chrome/97.0.4692.71 Safari/537.36 Edg/97.0.1072.55
WebApplication_BeginRequest

2022-01-14 17:49:27,076 [7] (null) INFO eShopLegacyMVC.Controllers.CatalogController - /, Mozilla/5.0 (Windows NT 10.0; Win64; x64) AppleWebKit/537.36 (KHTML, like Gecko) Chrome/97.0.4692.71 Safari/537.36 Edg/97.0.1072.55
Now loading... /Catalog/Index?pageSize=10&pageIndex=0

2022-01-14 17:49:27,415 [7] (null) DEBUG eShopLegacyMVC.Controllers.CatalogController - /, Mozilla/5.0 (Windows NT 10.0; Win64; x64) AppleWebKit/537.36 (KHTML, like Gecko) Chrome/97.0.4692.71 Safari/537.36 Edg/97.0.1072.55
Now disposing

2022-01-14 17:49:27,422 [7] (null) DEBUG eShopLegacyMVC.Controllers.CatalogController - /, Mozilla/5.0 (Windows NT 10.0; Win64; x64) AppleWebKit/537.36 (KHTML, like Gecko) Chrome/97.0.4692.71 Safari/537.36 Edg/97.0.1072.55
Now disposing

2022-01-14 17:49:27,845 [6] (null) DEBUG eShopLegacyMVC.MvcApplication - /items/1/pic, Mozilla/5.0 (Windows NT 10.0; Win64; x64) AppleWebKit/537.36 (KHTML, like Gecko) Chrome/97.0.4692.71 Safari/537.36 Edg/97.0.1072.55
WebApplication_BeginRequest

2022-01-14 17:49:27,921 [6] (null) INFO eShopLegacyMVC.Controllers.PicController - /items/1/pic, Mozilla/5.0 (Windows NT 10.0; Win64; x64) AppleWebKit/537.36 (KHTML, like Gecko) Chrome/97.0.4692.71 Safari/537.36 Edg/97.0.1072.55
Now loading... /items/Index?1/pic

2022-01-14 17:49:27,895 [7] (null) DEBUG eShopLegacyMVC.MvcApplication - /items/2/pic, Mozilla/5.0 (Windows NT 10.0; Win64; x64) AppleWebKit/537.36 (KHTML, like Gecko) Chrome/97.0.4692.71 Safari/537.36 Edg/97.0.1072.55
WebApplication_BeginRequest

2022-01-14 17:49:28,159 [8] (null) DEBUG eShopLegacyMVC.MvcApplication - /items/4/pic, Mozilla/5.0 (Windows NT 10.0; Win64; x64) AppleWebKit/537.36 (KHTML, like Gecko) Chrome/97.0.4692.71 Safari/537.36 Edg/97.0.1072.55
WebApplication_BeginRequest

2022-01-14 17:49:28,162 [9] (null) DEBUG eShopLegacyMVC.MvcApplication - /items/7/pic, Mozilla/5.0 (Windows NT 10.0; Win64; x64) AppleWebKit/537.36 (KHTML, like Gecko) Chrome/97.0.4692.71 Safari/537.36 Edg/97.0.1072.55
WebApplication_BeginRequest

2022-01-14 17:49:28,117 [14] (null) DEBUG eShopLegacyMVC.MvcApplication - /items/5/pic, Mozilla/5.0 (Windows NT 10.0; Win64; x64) AppleWebKit/537.36 (KHTML, like Gecko) Chrome/97.0.4692.71 Safari/537.36 Edg/97.0.1072.55
WebApplication_BeginRequest

2022-01-14 17:49:28,028 [22] (null) DEBUG eShopLegacyMVC.MvcApplication - /items/3/pic, Mozilla/5.0 (Windows NT 10.0; Win64; x64) AppleWebKit/537.36 (KHTML, like Gecko) Chrome/97.0.4692.71 Safari/537.36 Edg/97.0.1072.55
WebApplication_BeginRequest

2022-01-14 17:49:28,594 [6] (null) DEBUG eShopLegacyMVC.MvcApplication - /items/10/pic, Mozilla/5.0 (Windows NT 10.0; Win64; x64) AppleWebKit/537.36 (KHTML, like Gecko) Chrome/97.0.4692.71 Safari/537.36 Edg/97.0.1072.55
WebApplication_BeginRequest

2022-01-14 17:49:28,597 [6] (null) INFO eShopLegacyMVC.Controllers.PicController - /items/10/pic, Mozilla/5.0 (Windows NT 10.0; Win64; x64) AppleWebKit/537.36 (KHTML, like Gecko) Chrome/97.0.4692.71 Safari/537.36 Edg/97.0.1072.55
Now loading... /items/Index?10/pic

2022-01-14 17:49:28,965 [7] (null) DEBUG eShopLegacyMVC.MvcApplication - /items/8/pic, Mozilla/5.0 (Windows NT 10.0; Win64; x64) AppleWebKit/537.36 (KHTML, like Gecko) Chrome/97.0.4692.71 Safari/537.36 Edg/97.0.1072.55
WebApplication_BeginRequest

2022-01-14 17:49:28,968 [7] (null) INFO eShopLegacyMVC.Controllers.PicController - /items/8/pic, Mozilla/5.0 (Windows NT 10.0; Win64; x64) AppleWebKit/537.36 (KHTML, like Gecko) Chrome/97.0.4692.71 Safari/537.36 Edg/97.0.1072.55
Now loading... /items/Index?8/pic

2022-01-14 17:49:29,190 [24] (null) INFO eShopLegacyMVC.Controllers.PicController - (null)
Now loading... /items/Index?7/pic

2022-01-14 17:49:29,420 [6] (null) DEBUG eShopLegacyMVC.MvcApplication - /items/9/pic, Mozilla/5.0 (Windows NT 10.0; Win64; x64) AppleWebKit/537.36 (KHTML, like Gecko) Chrome/97.0.4692.71 Safari/537.36 Edg/97.0.1072.55
WebApplication_BeginRequest

2022-01-14 17:49:29,642 [24] (null) DEBUG eShopLegacyMVC.MvcApplication - /items/11/pic, Mozilla/5.0 (Windows NT 10.0; Win64; x64) AppleWebKit/537.36 (KHTML, like Gecko) Chrome/97.0.4692.71 Safari/537.36 Edg/97.0.1072.55
WebApplication_BeginRequest

2022-01-14 17:49:29,645 [24] (null) INFO eShopLegacyMVC.Controllers.PicController - /items/11/pic, Mozilla/5.0 (Windows NT 10.0; Win64; x64) AppleWebKit/537.36 (KHTML, like Gecko) Chrome/97.0.4692.71 Safari/537.36 Edg/97.0.1072.55
Now loading... /items/Index?11/pic

2022-01-14 17:49:29,944 [6] (null) INFO eShopLegacyMVC.Controllers.PicController - (null)
Now loading... /items/Index?3/pic

2022-01-14 17:49:30,303 [5] (null) INFO eShopLegacyMVC.Controllers.PicController - (null)
Now loading... /items/Index?2/pic

2022-01-14 17:49:31,016 [7] (null) INFO eShopLegacyMVC.Controllers.PicController - (null)
Now loading... /items/Index?9/pic

2022-01-14 17:49:31,533 [8] (null) INFO eShopLegacyMVC.Controllers.PicController - (null)
Now loading... /items/Index?4/pic

2022-01-14 17:49:32,034 [9] (null) INFO eShopLegacyMVC.Controllers.PicController - (null)
Now loading... /items/Index?5/pic

